FILE_TYPE=LIBRARY_PARTS;
PRIMITIVE 'S2B_ZR_LF__SN_';
  PIN
    '1':
      PIN_NUMBER='(1)';
      NO_LOAD_CHECK=BOTH;
      NO_IO_CHECK=BOTH;
      ALLOW_CONNECT=TRUE;
      PINUSE='UNSPEC';
    '2':
      PIN_NUMBER='(2)';
      NO_LOAD_CHECK=BOTH;
      NO_IO_CHECK=BOTH;
      ALLOW_CONNECT=TRUE;
      PINUSE='UNSPEC';
  END_PIN;
  BODY
    PART_NAME='S2B_ZR_LF__SN_';
    PHYS_DES_PREFIX='J';
    NO_LOAD_CHECK='TRUE';
    PIN_COUNT='2';
    BODY_NAME='S2B_ZR_LF__SN_';
    JEDEC_TYPE='S2B-ZR';
  END_BODY;
END_PRIMITIVE;
END.
